Analysis & Synthesis report for part5
Tue Nov 19 00:36:20 2019
Quartus Prime Version 18.1.0 Build 625 09/12/2018 SJ Lite Edition


---------------------
; Table of Contents ;
---------------------
  1. Legal Notice
  2. Analysis & Synthesis Summary
  3. Analysis & Synthesis Settings
  4. Parallel Compilation
  5. Analysis & Synthesis Source Files Read
  6. Analysis & Synthesis Resource Usage Summary
  7. Analysis & Synthesis Resource Utilization by Entity
  8. User-Specified and Inferred Latches
  9. General Register Statistics
 10. Multiplexer Restructuring Statistics (Restructuring Performed)
 11. Parameter Settings for User Entity Instance: oneSecClock:OSC|debounce:CLKDB
 12. Post-Synthesis Netlist Statistics for Top Partition
 13. Elapsed Time Per Partition
 14. Analysis & Synthesis Messages



----------------
; Legal Notice ;
----------------
Copyright (C) 2018  Intel Corporation. All rights reserved.
Your use of Intel Corporation's design tools, logic functions 
and other software and tools, and its AMPP partner logic 
functions, and any output files from any of the foregoing 
(including device programming or simulation files), and any 
associated documentation or information are expressly subject 
to the terms and conditions of the Intel Program License 
Subscription Agreement, the Intel Quartus Prime License Agreement,
the Intel FPGA IP License Agreement, or other applicable license
agreement, including, without limitation, that your use is for
the sole purpose of programming logic devices manufactured by
Intel and sold by Intel or its authorized distributors.  Please
refer to the applicable agreement for further details.



+----------------------------------------------------------------------------------+
; Analysis & Synthesis Summary                                                     ;
+------------------------------------+---------------------------------------------+
; Analysis & Synthesis Status        ; Successful - Tue Nov 19 00:36:20 2019       ;
; Quartus Prime Version              ; 18.1.0 Build 625 09/12/2018 SJ Lite Edition ;
; Revision Name                      ; part5                                       ;
; Top-level Entity Name              ; part5                                       ;
; Family                             ; MAX 10                                      ;
; Total logic elements               ; 163                                         ;
;     Total combinational functions  ; 161                                         ;
;     Dedicated logic registers      ; 57                                          ;
; Total registers                    ; 57                                          ;
; Total pins                         ; 44                                          ;
; Total virtual pins                 ; 0                                           ;
; Total memory bits                  ; 0                                           ;
; Embedded Multiplier 9-bit elements ; 0                                           ;
; Total PLLs                         ; 0                                           ;
; UFM blocks                         ; 0                                           ;
; ADC blocks                         ; 0                                           ;
+------------------------------------+---------------------------------------------+


+------------------------------------------------------------------------------------------------------------+
; Analysis & Synthesis Settings                                                                              ;
+------------------------------------------------------------------+--------------------+--------------------+
; Option                                                           ; Setting            ; Default Value      ;
+------------------------------------------------------------------+--------------------+--------------------+
; Device                                                           ; 10M50DAF484C7G     ;                    ;
; Top-level entity name                                            ; part5              ; part5              ;
; Family name                                                      ; MAX 10             ; Cyclone V          ;
; Use smart compilation                                            ; Off                ; Off                ;
; Enable parallel Assembler and Timing Analyzer during compilation ; On                 ; On                 ;
; Enable compact report table                                      ; Off                ; Off                ;
; Restructure Multiplexers                                         ; Auto               ; Auto               ;
; Create Debugging Nodes for IP Cores                              ; Off                ; Off                ;
; Preserve fewer node names                                        ; On                 ; On                 ;
; Intel FPGA IP Evaluation Mode                                    ; Enable             ; Enable             ;
; Verilog Version                                                  ; Verilog_2001       ; Verilog_2001       ;
; VHDL Version                                                     ; VHDL_1993          ; VHDL_1993          ;
; State Machine Processing                                         ; Auto               ; Auto               ;
; Safe State Machine                                               ; Off                ; Off                ;
; Extract Verilog State Machines                                   ; On                 ; On                 ;
; Extract VHDL State Machines                                      ; On                 ; On                 ;
; Ignore Verilog initial constructs                                ; Off                ; Off                ;
; Iteration limit for constant Verilog loops                       ; 5000               ; 5000               ;
; Iteration limit for non-constant Verilog loops                   ; 250                ; 250                ;
; Add Pass-Through Logic to Inferred RAMs                          ; On                 ; On                 ;
; Infer RAMs from Raw Logic                                        ; On                 ; On                 ;
; Parallel Synthesis                                               ; On                 ; On                 ;
; DSP Block Balancing                                              ; Auto               ; Auto               ;
; NOT Gate Push-Back                                               ; On                 ; On                 ;
; Power-Up Don't Care                                              ; On                 ; On                 ;
; Remove Redundant Logic Cells                                     ; Off                ; Off                ;
; Remove Duplicate Registers                                       ; On                 ; On                 ;
; Ignore CARRY Buffers                                             ; Off                ; Off                ;
; Ignore CASCADE Buffers                                           ; Off                ; Off                ;
; Ignore GLOBAL Buffers                                            ; Off                ; Off                ;
; Ignore ROW GLOBAL Buffers                                        ; Off                ; Off                ;
; Ignore LCELL Buffers                                             ; Off                ; Off                ;
; Ignore SOFT Buffers                                              ; On                 ; On                 ;
; Limit AHDL Integers to 32 Bits                                   ; Off                ; Off                ;
; Optimization Technique                                           ; Balanced           ; Balanced           ;
; Carry Chain Length                                               ; 70                 ; 70                 ;
; Auto Carry Chains                                                ; On                 ; On                 ;
; Auto Open-Drain Pins                                             ; On                 ; On                 ;
; Perform WYSIWYG Primitive Resynthesis                            ; Off                ; Off                ;
; Auto ROM Replacement                                             ; On                 ; On                 ;
; Auto RAM Replacement                                             ; On                 ; On                 ;
; Auto DSP Block Replacement                                       ; On                 ; On                 ;
; Auto Shift Register Replacement                                  ; Auto               ; Auto               ;
; Allow Shift Register Merging across Hierarchies                  ; Auto               ; Auto               ;
; Auto Clock Enable Replacement                                    ; On                 ; On                 ;
; Strict RAM Replacement                                           ; Off                ; Off                ;
; Allow Synchronous Control Signals                                ; On                 ; On                 ;
; Force Use of Synchronous Clear Signals                           ; Off                ; Off                ;
; Auto RAM Block Balancing                                         ; On                 ; On                 ;
; Auto RAM to Logic Cell Conversion                                ; Off                ; Off                ;
; Auto Resource Sharing                                            ; Off                ; Off                ;
; Allow Any RAM Size For Recognition                               ; Off                ; Off                ;
; Allow Any ROM Size For Recognition                               ; Off                ; Off                ;
; Allow Any Shift Register Size For Recognition                    ; Off                ; Off                ;
; Use LogicLock Constraints during Resource Balancing              ; On                 ; On                 ;
; Ignore translate_off and synthesis_off directives                ; Off                ; Off                ;
; Timing-Driven Synthesis                                          ; On                 ; On                 ;
; Report Parameter Settings                                        ; On                 ; On                 ;
; Report Source Assignments                                        ; On                 ; On                 ;
; Report Connectivity Checks                                       ; On                 ; On                 ;
; Ignore Maximum Fan-Out Assignments                               ; Off                ; Off                ;
; Synchronization Register Chain Length                            ; 2                  ; 2                  ;
; Power Optimization During Synthesis                              ; Normal compilation ; Normal compilation ;
; HDL message level                                                ; Level2             ; Level2             ;
; Suppress Register Optimization Related Messages                  ; Off                ; Off                ;
; Number of Removed Registers Reported in Synthesis Report         ; 5000               ; 5000               ;
; Number of Swept Nodes Reported in Synthesis Report               ; 5000               ; 5000               ;
; Number of Inverted Registers Reported in Synthesis Report        ; 100                ; 100                ;
; Clock MUX Protection                                             ; On                 ; On                 ;
; Auto Gated Clock Conversion                                      ; Off                ; Off                ;
; Block Design Naming                                              ; Auto               ; Auto               ;
; SDC constraint protection                                        ; Off                ; Off                ;
; Synthesis Effort                                                 ; Auto               ; Auto               ;
; Shift Register Replacement - Allow Asynchronous Clear Signal     ; On                 ; On                 ;
; Pre-Mapping Resynthesis Optimization                             ; Off                ; Off                ;
; Analysis & Synthesis Message Level                               ; Medium             ; Medium             ;
; Disable Register Merging Across Hierarchies                      ; Auto               ; Auto               ;
; Resource Aware Inference For Block RAM                           ; On                 ; On                 ;
+------------------------------------------------------------------+--------------------+--------------------+


+------------------------------------------+
; Parallel Compilation                     ;
+----------------------------+-------------+
; Processors                 ; Number      ;
+----------------------------+-------------+
; Number detected on machine ; 8           ;
; Maximum allowed            ; 4           ;
;                            ;             ;
; Average used               ; 1.00        ;
; Maximum used               ; 4           ;
;                            ;             ;
; Usage by Processor         ; % Time Used ;
;     Processor 1            ; 100.0%      ;
;     Processors 2-4         ;   0.0%      ;
+----------------------------+-------------+


+--------------------------------------------------------------------------------------------------------------------------------------------------------------------+
; Analysis & Synthesis Source Files Read                                                                                                                             ;
+----------------------------------+-----------------+-----------------+-----------------------------------------------------------------------------------+---------+
; File Name with User-Entered Path ; Used in Netlist ; File Type       ; File Name with Absolute Path                                                      ; Library ;
+----------------------------------+-----------------+-----------------+-----------------------------------------------------------------------------------+---------+
; part5.vhd                        ; yes             ; User VHDL File  ; C:/Users/joshd/Desktop/Docs/School/ECE 201/Labs/Lab 10/Lab10.5/part5.vhd          ;         ;
; oneSecClock.vhd                  ; yes             ; User VHDL File  ; C:/Users/joshd/Desktop/Docs/School/ECE 201/Labs/Lab 10/Lab10.5/oneSecClock.vhd    ;         ;
; ../Lab10.1/debounce.vhd          ; yes             ; User VHDL File  ; C:/Users/joshd/Desktop/Docs/School/ECE 201/Labs/Lab 10/Lab10.1/debounce.vhd       ;         ;
; de10HexDisplay.vhd               ; yes             ; User VHDL File  ; C:/Users/joshd/Desktop/Docs/School/ECE 201/Labs/Lab 10/Lab10.5/de10HexDisplay.vhd ;         ;
+----------------------------------+-----------------+-----------------+-----------------------------------------------------------------------------------+---------+


+--------------------------------------------------------------+
; Analysis & Synthesis Resource Usage Summary                  ;
+---------------------------------------------+----------------+
; Resource                                    ; Usage          ;
+---------------------------------------------+----------------+
; Estimated Total logic elements              ; 163            ;
;                                             ;                ;
; Total combinational functions               ; 161            ;
; Logic element usage by number of LUT inputs ;                ;
;     -- 4 input functions                    ; 15             ;
;     -- 3 input functions                    ; 69             ;
;     -- <=2 input functions                  ; 77             ;
;                                             ;                ;
; Logic elements by mode                      ;                ;
;     -- normal mode                          ; 112            ;
;     -- arithmetic mode                      ; 49             ;
;                                             ;                ;
; Total registers                             ; 57             ;
;     -- Dedicated logic registers            ; 57             ;
;     -- I/O registers                        ; 0              ;
;                                             ;                ;
; I/O pins                                    ; 44             ;
;                                             ;                ;
; Embedded Multiplier 9-bit elements          ; 0              ;
;                                             ;                ;
; Maximum fan-out node                        ; CLOCK_50~input ;
; Maximum fan-out                             ; 57             ;
; Total fan-out                               ; 691            ;
; Average fan-out                             ; 2.26           ;
+---------------------------------------------+----------------+


+---------------------------------------------------------------------------------------------------------------------------------------------------------------------------------------------------------------------------------------------------------+
; Analysis & Synthesis Resource Utilization by Entity                                                                                                                                                                                                     ;
+----------------------------+---------------------+---------------------------+-------------+------------+--------------+---------+-----------+------+--------------+------------+---------------------------------------+----------------+--------------+
; Compilation Hierarchy Node ; Combinational ALUTs ; Dedicated Logic Registers ; Memory Bits ; UFM Blocks ; DSP Elements ; DSP 9x9 ; DSP 18x18 ; Pins ; Virtual Pins ; ADC blocks ; Full Hierarchy Name                   ; Entity Name    ; Library Name ;
+----------------------------+---------------------+---------------------------+-------------+------------+--------------+---------+-----------+------+--------------+------------+---------------------------------------+----------------+--------------+
; |part5                     ; 161 (0)             ; 57 (0)                    ; 0           ; 0          ; 0            ; 0       ; 0         ; 44   ; 0            ; 0          ; |part5                                ; part5          ; work         ;
;    |de10HexDisplay:de10|   ; 75 (75)             ; 0 (0)                     ; 0           ; 0          ; 0            ; 0       ; 0         ; 0    ; 0            ; 0          ; |part5|de10HexDisplay:de10            ; de10HexDisplay ; work         ;
;    |oneSecClock:OSC|       ; 86 (60)             ; 57 (35)                   ; 0           ; 0          ; 0            ; 0       ; 0         ; 0    ; 0            ; 0          ; |part5|oneSecClock:OSC                ; oneSecClock    ; work         ;
;       |debounce:CLKDB|     ; 26 (26)             ; 22 (22)                   ; 0           ; 0          ; 0            ; 0       ; 0         ; 0    ; 0            ; 0          ; |part5|oneSecClock:OSC|debounce:CLKDB ; debounce       ; work         ;
+----------------------------+---------------------+---------------------------+-------------+------------+--------------+---------+-----------+------+--------------+------------+---------------------------------------+----------------+--------------+
Note: For table entries with two numbers listed, the numbers in parentheses indicate the number of resources of the given type used by the specific entity alone. The numbers listed outside of parentheses indicate the total resources of the given type used by the specific entity and all of its sub-entities in the hierarchy.


+----------------------------------------------------------------------------------------------------+
; User-Specified and Inferred Latches                                                                ;
+-----------------------------------------------------+---------------------+------------------------+
; Latch Name                                          ; Latch Enable Signal ; Free of Timing Hazards ;
+-----------------------------------------------------+---------------------+------------------------+
; de10HexDisplay:de10|HEX0[6]                         ; GND                 ; yes                    ;
; de10HexDisplay:de10|HEX0[5]                         ; GND                 ; yes                    ;
; de10HexDisplay:de10|HEX0[4]                         ; GND                 ; yes                    ;
; de10HexDisplay:de10|HEX0[3]                         ; GND                 ; yes                    ;
; de10HexDisplay:de10|HEX0[2]                         ; GND                 ; yes                    ;
; de10HexDisplay:de10|HEX0[1]                         ; GND                 ; yes                    ;
; de10HexDisplay:de10|HEX0[0]                         ; GND                 ; yes                    ;
; de10HexDisplay:de10|HEX1[6]                         ; GND                 ; yes                    ;
; de10HexDisplay:de10|HEX1[5]                         ; GND                 ; yes                    ;
; de10HexDisplay:de10|HEX1[4]                         ; GND                 ; yes                    ;
; de10HexDisplay:de10|HEX1[3]                         ; GND                 ; yes                    ;
; de10HexDisplay:de10|HEX1[2]                         ; GND                 ; yes                    ;
; de10HexDisplay:de10|HEX1[1]                         ; GND                 ; yes                    ;
; de10HexDisplay:de10|HEX1[0]                         ; GND                 ; yes                    ;
; de10HexDisplay:de10|HEX2[6]                         ; GND                 ; yes                    ;
; de10HexDisplay:de10|HEX2[5]                         ; GND                 ; yes                    ;
; de10HexDisplay:de10|HEX2[4]                         ; GND                 ; yes                    ;
; de10HexDisplay:de10|HEX2[3]                         ; GND                 ; yes                    ;
; de10HexDisplay:de10|HEX2[2]                         ; GND                 ; yes                    ;
; de10HexDisplay:de10|HEX2[1]                         ; GND                 ; yes                    ;
; de10HexDisplay:de10|HEX2[0]                         ; GND                 ; yes                    ;
; de10HexDisplay:de10|HEX3[6]                         ; GND                 ; yes                    ;
; de10HexDisplay:de10|HEX3[5]                         ; GND                 ; yes                    ;
; de10HexDisplay:de10|HEX3[4]                         ; GND                 ; yes                    ;
; de10HexDisplay:de10|HEX3[3]                         ; GND                 ; yes                    ;
; de10HexDisplay:de10|HEX3[2]                         ; GND                 ; yes                    ;
; de10HexDisplay:de10|HEX3[1]                         ; GND                 ; yes                    ;
; de10HexDisplay:de10|HEX3[0]                         ; GND                 ; yes                    ;
; de10HexDisplay:de10|HEX4[6]                         ; GND                 ; yes                    ;
; de10HexDisplay:de10|HEX4[5]                         ; GND                 ; yes                    ;
; de10HexDisplay:de10|HEX4[4]                         ; GND                 ; yes                    ;
; de10HexDisplay:de10|HEX4[3]                         ; GND                 ; yes                    ;
; de10HexDisplay:de10|HEX4[2]                         ; GND                 ; yes                    ;
; de10HexDisplay:de10|HEX4[1]                         ; GND                 ; yes                    ;
; de10HexDisplay:de10|HEX4[0]                         ; GND                 ; yes                    ;
; de10HexDisplay:de10|HEX5[6]                         ; GND                 ; yes                    ;
; de10HexDisplay:de10|HEX5[5]                         ; GND                 ; yes                    ;
; de10HexDisplay:de10|HEX5[4]                         ; GND                 ; yes                    ;
; de10HexDisplay:de10|HEX5[3]                         ; GND                 ; yes                    ;
; de10HexDisplay:de10|HEX5[2]                         ; GND                 ; yes                    ;
; de10HexDisplay:de10|HEX5[1]                         ; GND                 ; yes                    ;
; de10HexDisplay:de10|HEX5[0]                         ; GND                 ; yes                    ;
; Number of user-specified and inferred latches = 42  ;                     ;                        ;
+-----------------------------------------------------+---------------------+------------------------+
Note: All latches listed above may not be present at the end of synthesis due to various synthesis optimizations.


+------------------------------------------------------+
; General Register Statistics                          ;
+----------------------------------------------+-------+
; Statistic                                    ; Value ;
+----------------------------------------------+-------+
; Total registers                              ; 57    ;
; Number of registers using Synchronous Clear  ; 19    ;
; Number of registers using Synchronous Load   ; 0     ;
; Number of registers using Asynchronous Clear ; 0     ;
; Number of registers using Asynchronous Load  ; 0     ;
; Number of registers using Clock Enable       ; 54    ;
; Number of registers using Preset             ; 0     ;
+----------------------------------------------+-------+


+--------------------------------------------------------------------------------------------------------------------------------------------------------------+
; Multiplexer Restructuring Statistics (Restructuring Performed)                                                                                               ;
+--------------------+-----------+---------------+----------------------+------------------------+------------+------------------------------------------------+
; Multiplexer Inputs ; Bus Width ; Baseline Area ; Area if Restructured ; Saving if Restructured ; Registered ; Example Multiplexer Output                     ;
+--------------------+-----------+---------------+----------------------+------------------------+------------+------------------------------------------------+
; 3:1                ; 19 bits   ; 38 LEs        ; 19 LEs               ; 19 LEs                 ; Yes        ; |part5|oneSecClock:OSC|debounce:CLKDB|count[7] ;
; 3:1                ; 13 bits   ; 26 LEs        ; 26 LEs               ; 0 LEs                  ; No         ; |part5|de10HexDisplay:de10|HEX4[0]             ;
; 3:1                ; 3 bits    ; 6 LEs         ; 6 LEs                ; 0 LEs                  ; No         ; |part5|de10HexDisplay:de10|HEX0[1]             ;
; 4:1                ; 2 bits    ; 4 LEs         ; 4 LEs                ; 0 LEs                  ; No         ; |part5|de10HexDisplay:de10|HEX5[1]             ;
+--------------------+-----------+---------------+----------------------+------------------------+------------+------------------------------------------------+


+-----------------------------------------------------------------------------+
; Parameter Settings for User Entity Instance: oneSecClock:OSC|debounce:CLKDB ;
+----------------+----------+-------------------------------------------------+
; Parameter Name ; Value    ; Type                                            ;
+----------------+----------+-------------------------------------------------+
; clk_freq       ; 50000000 ; Signed Integer                                  ;
; stable_time    ; 10       ; Signed Integer                                  ;
+----------------+----------+-------------------------------------------------+
Note: In order to hide this table in the UI and the text report file, please set the "Show Parameter Settings in Synthesis Report" option in "Analysis and Synthesis Settings -> More Settings" to "Off".


+-----------------------------------------------------+
; Post-Synthesis Netlist Statistics for Top Partition ;
+-----------------------+-----------------------------+
; Type                  ; Count                       ;
+-----------------------+-----------------------------+
; boundary_port         ; 44                          ;
; cycloneiii_ff         ; 57                          ;
;     ENA               ; 35                          ;
;     ENA SCLR          ; 19                          ;
;     plain             ; 3                           ;
; cycloneiii_lcell_comb ; 161                         ;
;     arith             ; 49                          ;
;         2 data inputs ; 49                          ;
;     normal            ; 112                         ;
;         1 data inputs ; 3                           ;
;         2 data inputs ; 25                          ;
;         3 data inputs ; 69                          ;
;         4 data inputs ; 15                          ;
;                       ;                             ;
; Max LUT depth         ; 4.50                        ;
; Average LUT depth     ; 2.67                        ;
+-----------------------+-----------------------------+


+-------------------------------+
; Elapsed Time Per Partition    ;
+----------------+--------------+
; Partition Name ; Elapsed Time ;
+----------------+--------------+
; Top            ; 00:00:00     ;
+----------------+--------------+


+-------------------------------+
; Analysis & Synthesis Messages ;
+-------------------------------+
Info: *******************************************************************
Info: Running Quartus Prime Analysis & Synthesis
    Info: Version 18.1.0 Build 625 09/12/2018 SJ Lite Edition
    Info: Processing started: Tue Nov 19 00:36:08 2019
Info: Command: quartus_map --read_settings_files=on --write_settings_files=off part5 -c part5
Warning (18236): Number of processors has not been specified which may cause overloading on shared machines.  Set the global assignment NUM_PARALLEL_PROCESSORS in your QSF to an appropriate value for best performance.
Info (20030): Parallel compilation is enabled and will use 4 of the 4 processors detected
Info (12021): Found 2 design units, including 1 entities, in source file part5.vhd
    Info (12022): Found design unit 1: part5-Behavior File: C:/Users/joshd/Desktop/Docs/School/ECE 201/Labs/Lab 10/Lab10.5/part5.vhd Line: 11
    Info (12023): Found entity 1: part5 File: C:/Users/joshd/Desktop/Docs/School/ECE 201/Labs/Lab 10/Lab10.5/part5.vhd Line: 5
Info (12021): Found 2 design units, including 1 entities, in source file onesecclock.vhd
    Info (12022): Found design unit 1: oneSecClock-Behavior File: C:/Users/joshd/Desktop/Docs/School/ECE 201/Labs/Lab 10/Lab10.5/oneSecClock.vhd Line: 10
    Info (12023): Found entity 1: oneSecClock File: C:/Users/joshd/Desktop/Docs/School/ECE 201/Labs/Lab 10/Lab10.5/oneSecClock.vhd Line: 5
Info (12021): Found 2 design units, including 1 entities, in source file /users/joshd/desktop/docs/school/ece 201/labs/lab 10/lab10.1/debounce.vhd
    Info (12022): Found design unit 1: debounce-logic File: C:/Users/joshd/Desktop/Docs/School/ECE 201/Labs/Lab 10/Lab10.1/debounce.vhd Line: 16
    Info (12023): Found entity 1: debounce File: C:/Users/joshd/Desktop/Docs/School/ECE 201/Labs/Lab 10/Lab10.1/debounce.vhd Line: 6
Info (12021): Found 2 design units, including 1 entities, in source file de10hexdisplay.vhd
    Info (12022): Found design unit 1: de10HexDisplay-Behavior File: C:/Users/joshd/Desktop/Docs/School/ECE 201/Labs/Lab 10/Lab10.5/de10HexDisplay.vhd Line: 11
    Info (12023): Found entity 1: de10HexDisplay File: C:/Users/joshd/Desktop/Docs/School/ECE 201/Labs/Lab 10/Lab10.5/de10HexDisplay.vhd Line: 5
Warning (12019): Can't analyze file -- file part4.vhd is missing
Info (12127): Elaborating entity "part5" for the top level hierarchy
Info (12128): Elaborating entity "oneSecClock" for hierarchy "oneSecClock:OSC" File: C:/Users/joshd/Desktop/Docs/School/ECE 201/Labs/Lab 10/Lab10.5/part5.vhd Line: 25
Warning (10492): VHDL Process Statement warning at oneSecClock.vhd(24): signal "smallQ" is read inside the Process Statement but isn't in the Process Statement's sensitivity list File: C:/Users/joshd/Desktop/Docs/School/ECE 201/Labs/Lab 10/Lab10.5/oneSecClock.vhd Line: 24
Warning (10492): VHDL Process Statement warning at oneSecClock.vhd(25): signal "En" is read inside the Process Statement but isn't in the Process Statement's sensitivity list File: C:/Users/joshd/Desktop/Docs/School/ECE 201/Labs/Lab 10/Lab10.5/oneSecClock.vhd Line: 25
Info (12128): Elaborating entity "debounce" for hierarchy "oneSecClock:OSC|debounce:CLKDB" File: C:/Users/joshd/Desktop/Docs/School/ECE 201/Labs/Lab 10/Lab10.5/oneSecClock.vhd Line: 20
Info (12128): Elaborating entity "de10HexDisplay" for hierarchy "de10HexDisplay:de10" File: C:/Users/joshd/Desktop/Docs/School/ECE 201/Labs/Lab 10/Lab10.5/part5.vhd Line: 27
Warning (10631): VHDL Process Statement warning at de10HexDisplay.vhd(14): inferring latch(es) for signal or variable "HEX0", which holds its previous value in one or more paths through the process File: C:/Users/joshd/Desktop/Docs/School/ECE 201/Labs/Lab 10/Lab10.5/de10HexDisplay.vhd Line: 14
Warning (10631): VHDL Process Statement warning at de10HexDisplay.vhd(14): inferring latch(es) for signal or variable "HEX1", which holds its previous value in one or more paths through the process File: C:/Users/joshd/Desktop/Docs/School/ECE 201/Labs/Lab 10/Lab10.5/de10HexDisplay.vhd Line: 14
Warning (10631): VHDL Process Statement warning at de10HexDisplay.vhd(14): inferring latch(es) for signal or variable "HEX2", which holds its previous value in one or more paths through the process File: C:/Users/joshd/Desktop/Docs/School/ECE 201/Labs/Lab 10/Lab10.5/de10HexDisplay.vhd Line: 14
Warning (10631): VHDL Process Statement warning at de10HexDisplay.vhd(14): inferring latch(es) for signal or variable "HEX3", which holds its previous value in one or more paths through the process File: C:/Users/joshd/Desktop/Docs/School/ECE 201/Labs/Lab 10/Lab10.5/de10HexDisplay.vhd Line: 14
Warning (10631): VHDL Process Statement warning at de10HexDisplay.vhd(14): inferring latch(es) for signal or variable "HEX4", which holds its previous value in one or more paths through the process File: C:/Users/joshd/Desktop/Docs/School/ECE 201/Labs/Lab 10/Lab10.5/de10HexDisplay.vhd Line: 14
Warning (10631): VHDL Process Statement warning at de10HexDisplay.vhd(14): inferring latch(es) for signal or variable "HEX5", which holds its previous value in one or more paths through the process File: C:/Users/joshd/Desktop/Docs/School/ECE 201/Labs/Lab 10/Lab10.5/de10HexDisplay.vhd Line: 14
Info (10041): Inferred latch for "HEX5[6]" at de10HexDisplay.vhd(14) File: C:/Users/joshd/Desktop/Docs/School/ECE 201/Labs/Lab 10/Lab10.5/de10HexDisplay.vhd Line: 14
Info (10041): Inferred latch for "HEX5[5]" at de10HexDisplay.vhd(14) File: C:/Users/joshd/Desktop/Docs/School/ECE 201/Labs/Lab 10/Lab10.5/de10HexDisplay.vhd Line: 14
Info (10041): Inferred latch for "HEX5[4]" at de10HexDisplay.vhd(14) File: C:/Users/joshd/Desktop/Docs/School/ECE 201/Labs/Lab 10/Lab10.5/de10HexDisplay.vhd Line: 14
Info (10041): Inferred latch for "HEX5[3]" at de10HexDisplay.vhd(14) File: C:/Users/joshd/Desktop/Docs/School/ECE 201/Labs/Lab 10/Lab10.5/de10HexDisplay.vhd Line: 14
Info (10041): Inferred latch for "HEX5[2]" at de10HexDisplay.vhd(14) File: C:/Users/joshd/Desktop/Docs/School/ECE 201/Labs/Lab 10/Lab10.5/de10HexDisplay.vhd Line: 14
Info (10041): Inferred latch for "HEX5[1]" at de10HexDisplay.vhd(14) File: C:/Users/joshd/Desktop/Docs/School/ECE 201/Labs/Lab 10/Lab10.5/de10HexDisplay.vhd Line: 14
Info (10041): Inferred latch for "HEX5[0]" at de10HexDisplay.vhd(14) File: C:/Users/joshd/Desktop/Docs/School/ECE 201/Labs/Lab 10/Lab10.5/de10HexDisplay.vhd Line: 14
Info (10041): Inferred latch for "HEX4[6]" at de10HexDisplay.vhd(14) File: C:/Users/joshd/Desktop/Docs/School/ECE 201/Labs/Lab 10/Lab10.5/de10HexDisplay.vhd Line: 14
Info (10041): Inferred latch for "HEX4[5]" at de10HexDisplay.vhd(14) File: C:/Users/joshd/Desktop/Docs/School/ECE 201/Labs/Lab 10/Lab10.5/de10HexDisplay.vhd Line: 14
Info (10041): Inferred latch for "HEX4[4]" at de10HexDisplay.vhd(14) File: C:/Users/joshd/Desktop/Docs/School/ECE 201/Labs/Lab 10/Lab10.5/de10HexDisplay.vhd Line: 14
Info (10041): Inferred latch for "HEX4[3]" at de10HexDisplay.vhd(14) File: C:/Users/joshd/Desktop/Docs/School/ECE 201/Labs/Lab 10/Lab10.5/de10HexDisplay.vhd Line: 14
Info (10041): Inferred latch for "HEX4[2]" at de10HexDisplay.vhd(14) File: C:/Users/joshd/Desktop/Docs/School/ECE 201/Labs/Lab 10/Lab10.5/de10HexDisplay.vhd Line: 14
Info (10041): Inferred latch for "HEX4[1]" at de10HexDisplay.vhd(14) File: C:/Users/joshd/Desktop/Docs/School/ECE 201/Labs/Lab 10/Lab10.5/de10HexDisplay.vhd Line: 14
Info (10041): Inferred latch for "HEX4[0]" at de10HexDisplay.vhd(14) File: C:/Users/joshd/Desktop/Docs/School/ECE 201/Labs/Lab 10/Lab10.5/de10HexDisplay.vhd Line: 14
Info (10041): Inferred latch for "HEX3[6]" at de10HexDisplay.vhd(14) File: C:/Users/joshd/Desktop/Docs/School/ECE 201/Labs/Lab 10/Lab10.5/de10HexDisplay.vhd Line: 14
Info (10041): Inferred latch for "HEX3[5]" at de10HexDisplay.vhd(14) File: C:/Users/joshd/Desktop/Docs/School/ECE 201/Labs/Lab 10/Lab10.5/de10HexDisplay.vhd Line: 14
Info (10041): Inferred latch for "HEX3[4]" at de10HexDisplay.vhd(14) File: C:/Users/joshd/Desktop/Docs/School/ECE 201/Labs/Lab 10/Lab10.5/de10HexDisplay.vhd Line: 14
Info (10041): Inferred latch for "HEX3[3]" at de10HexDisplay.vhd(14) File: C:/Users/joshd/Desktop/Docs/School/ECE 201/Labs/Lab 10/Lab10.5/de10HexDisplay.vhd Line: 14
Info (10041): Inferred latch for "HEX3[2]" at de10HexDisplay.vhd(14) File: C:/Users/joshd/Desktop/Docs/School/ECE 201/Labs/Lab 10/Lab10.5/de10HexDisplay.vhd Line: 14
Info (10041): Inferred latch for "HEX3[1]" at de10HexDisplay.vhd(14) File: C:/Users/joshd/Desktop/Docs/School/ECE 201/Labs/Lab 10/Lab10.5/de10HexDisplay.vhd Line: 14
Info (10041): Inferred latch for "HEX3[0]" at de10HexDisplay.vhd(14) File: C:/Users/joshd/Desktop/Docs/School/ECE 201/Labs/Lab 10/Lab10.5/de10HexDisplay.vhd Line: 14
Info (10041): Inferred latch for "HEX2[6]" at de10HexDisplay.vhd(14) File: C:/Users/joshd/Desktop/Docs/School/ECE 201/Labs/Lab 10/Lab10.5/de10HexDisplay.vhd Line: 14
Info (10041): Inferred latch for "HEX2[5]" at de10HexDisplay.vhd(14) File: C:/Users/joshd/Desktop/Docs/School/ECE 201/Labs/Lab 10/Lab10.5/de10HexDisplay.vhd Line: 14
Info (10041): Inferred latch for "HEX2[4]" at de10HexDisplay.vhd(14) File: C:/Users/joshd/Desktop/Docs/School/ECE 201/Labs/Lab 10/Lab10.5/de10HexDisplay.vhd Line: 14
Info (10041): Inferred latch for "HEX2[3]" at de10HexDisplay.vhd(14) File: C:/Users/joshd/Desktop/Docs/School/ECE 201/Labs/Lab 10/Lab10.5/de10HexDisplay.vhd Line: 14
Info (10041): Inferred latch for "HEX2[2]" at de10HexDisplay.vhd(14) File: C:/Users/joshd/Desktop/Docs/School/ECE 201/Labs/Lab 10/Lab10.5/de10HexDisplay.vhd Line: 14
Info (10041): Inferred latch for "HEX2[1]" at de10HexDisplay.vhd(14) File: C:/Users/joshd/Desktop/Docs/School/ECE 201/Labs/Lab 10/Lab10.5/de10HexDisplay.vhd Line: 14
Info (10041): Inferred latch for "HEX2[0]" at de10HexDisplay.vhd(14) File: C:/Users/joshd/Desktop/Docs/School/ECE 201/Labs/Lab 10/Lab10.5/de10HexDisplay.vhd Line: 14
Info (10041): Inferred latch for "HEX1[6]" at de10HexDisplay.vhd(14) File: C:/Users/joshd/Desktop/Docs/School/ECE 201/Labs/Lab 10/Lab10.5/de10HexDisplay.vhd Line: 14
Info (10041): Inferred latch for "HEX1[5]" at de10HexDisplay.vhd(14) File: C:/Users/joshd/Desktop/Docs/School/ECE 201/Labs/Lab 10/Lab10.5/de10HexDisplay.vhd Line: 14
Info (10041): Inferred latch for "HEX1[4]" at de10HexDisplay.vhd(14) File: C:/Users/joshd/Desktop/Docs/School/ECE 201/Labs/Lab 10/Lab10.5/de10HexDisplay.vhd Line: 14
Info (10041): Inferred latch for "HEX1[3]" at de10HexDisplay.vhd(14) File: C:/Users/joshd/Desktop/Docs/School/ECE 201/Labs/Lab 10/Lab10.5/de10HexDisplay.vhd Line: 14
Info (10041): Inferred latch for "HEX1[2]" at de10HexDisplay.vhd(14) File: C:/Users/joshd/Desktop/Docs/School/ECE 201/Labs/Lab 10/Lab10.5/de10HexDisplay.vhd Line: 14
Info (10041): Inferred latch for "HEX1[1]" at de10HexDisplay.vhd(14) File: C:/Users/joshd/Desktop/Docs/School/ECE 201/Labs/Lab 10/Lab10.5/de10HexDisplay.vhd Line: 14
Info (10041): Inferred latch for "HEX1[0]" at de10HexDisplay.vhd(14) File: C:/Users/joshd/Desktop/Docs/School/ECE 201/Labs/Lab 10/Lab10.5/de10HexDisplay.vhd Line: 14
Info (10041): Inferred latch for "HEX0[6]" at de10HexDisplay.vhd(14) File: C:/Users/joshd/Desktop/Docs/School/ECE 201/Labs/Lab 10/Lab10.5/de10HexDisplay.vhd Line: 14
Info (10041): Inferred latch for "HEX0[5]" at de10HexDisplay.vhd(14) File: C:/Users/joshd/Desktop/Docs/School/ECE 201/Labs/Lab 10/Lab10.5/de10HexDisplay.vhd Line: 14
Info (10041): Inferred latch for "HEX0[4]" at de10HexDisplay.vhd(14) File: C:/Users/joshd/Desktop/Docs/School/ECE 201/Labs/Lab 10/Lab10.5/de10HexDisplay.vhd Line: 14
Info (10041): Inferred latch for "HEX0[3]" at de10HexDisplay.vhd(14) File: C:/Users/joshd/Desktop/Docs/School/ECE 201/Labs/Lab 10/Lab10.5/de10HexDisplay.vhd Line: 14
Info (10041): Inferred latch for "HEX0[2]" at de10HexDisplay.vhd(14) File: C:/Users/joshd/Desktop/Docs/School/ECE 201/Labs/Lab 10/Lab10.5/de10HexDisplay.vhd Line: 14
Info (10041): Inferred latch for "HEX0[1]" at de10HexDisplay.vhd(14) File: C:/Users/joshd/Desktop/Docs/School/ECE 201/Labs/Lab 10/Lab10.5/de10HexDisplay.vhd Line: 14
Info (10041): Inferred latch for "HEX0[0]" at de10HexDisplay.vhd(14) File: C:/Users/joshd/Desktop/Docs/School/ECE 201/Labs/Lab 10/Lab10.5/de10HexDisplay.vhd Line: 14
Info (286030): Timing-Driven Synthesis is running
Warning (20013): Ignored 24 assignments for entity "part4" -- entity does not exist in design
    Warning (20014): Assignment for entity set_instance_assignment -name PARTITION_HIERARCHY root_partition -to | -entity part4 -section_id Top was ignored
    Warning (20014): Assignment for entity set_global_assignment -name PARTITION_NETLIST_TYPE SOURCE -entity part4 -section_id Top was ignored
    Warning (20014): Assignment for entity set_global_assignment -name PARTITION_FITTER_PRESERVATION_LEVEL PLACEMENT_AND_ROUTING -entity part4 -section_id Top was ignored
    Warning (20014): Assignment for entity set_global_assignment -name PARTITION_PRESERVE_HIGH_SPEED_TILES ON -entity part4 -section_id Top was ignored
    Warning (20014): Assignment for entity set_global_assignment -name PARTITION_IGNORE_SOURCE_FILE_CHANGES OFF -entity part4 -section_id Top was ignored
    Warning (20014): Assignment for entity set_global_assignment -name PARTITION_ALWAYS_USE_QXP_NETLIST OFF -entity part4 -section_id Top was ignored
    Warning (20014): Assignment for entity set_global_assignment -name PARTITION_COLOR 16764057 -entity part4 -section_id Top was ignored
    Warning (20014): Assignment for entity set_global_assignment -name PARTITION_IMPORT_ASSIGNMENTS ON -entity part4 -section_id Top was ignored
    Warning (20014): Assignment for entity set_global_assignment -name PARTITION_IMPORT_EXISTING_ASSIGNMENTS REPLACE_CONFLICTING -entity part4 -section_id Top was ignored
    Warning (20014): Assignment for entity set_global_assignment -name PARTITION_IMPORT_EXISTING_LOGICLOCK_REGIONS UPDATE_CONFLICTING -entity part4 -section_id Top was ignored
    Warning (20014): Assignment for entity set_global_assignment -name PARTITION_IMPORT_PIN_ASSIGNMENTS ON -entity part4 -section_id Top was ignored
    Warning (20014): Assignment for entity set_global_assignment -name PARTITION_IMPORT_PROMOTE_ASSIGNMENTS ON -entity part4 -section_id Top was ignored
    Warning (20014): Assignment for entity set_global_assignment -name PARTITION_TYPE STANDARD_PARTITION -entity part4 -section_id Top was ignored
    Warning (20014): Assignment for entity set_global_assignment -name ALLOW_MULTIPLE_PERSONAS OFF -entity part4 -section_id Top was ignored
    Warning (20014): Assignment for entity set_global_assignment -name PARTITION_ASD_REGION_ID 1 -entity part4 -section_id Top was ignored
    Warning (20014): Assignment for entity set_global_assignment -name CROSS_BOUNDARY_OPTIMIZATIONS OFF -entity part4 -section_id Top was ignored
    Warning (20014): Assignment for entity set_global_assignment -name PROPAGATE_CONSTANTS_ON_INPUTS ON -entity part4 -section_id Top was ignored
    Warning (20014): Assignment for entity set_global_assignment -name PROPAGATE_INVERSIONS_ON_INPUTS ON -entity part4 -section_id Top was ignored
    Warning (20014): Assignment for entity set_global_assignment -name REMOVE_LOGIC_ON_UNCONNECTED_OUTPUTS ON -entity part4 -section_id Top was ignored
    Warning (20014): Assignment for entity set_global_assignment -name MERGE_EQUIVALENT_INPUTS ON -entity part4 -section_id Top was ignored
    Warning (20014): Assignment for entity set_global_assignment -name MERGE_EQUIVALENT_BIDIRS ON -entity part4 -section_id Top was ignored
    Warning (20014): Assignment for entity set_global_assignment -name ABSORB_PATHS_FROM_OUTPUTS_TO_INPUTS ON -entity part4 -section_id Top was ignored
    Warning (20014): Assignment for entity set_global_assignment -name PARTITION_EXTRACT_HARD_BLOCK_NODES ON -entity part4 -section_id Top was ignored
    Warning (20014): Assignment for entity set_global_assignment -name PARTITION_ENABLE_STRICT_PRESERVATION OFF -entity part4 -section_id Top was ignored
Info (16010): Generating hard_block partition "hard_block:auto_generated_inst"
    Info (16011): Adding 0 node(s), including 0 DDIO, 0 PLL, 0 transceiver and 0 LCELL
Info (21057): Implemented 207 device resources after synthesis - the final resource count might be different
    Info (21058): Implemented 2 input pins
    Info (21059): Implemented 42 output pins
    Info (21061): Implemented 163 logic cells
Info: Quartus Prime Analysis & Synthesis was successful. 0 errors, 35 warnings
    Info: Peak virtual memory: 4807 megabytes
    Info: Processing ended: Tue Nov 19 00:36:20 2019
    Info: Elapsed time: 00:00:12
    Info: Total CPU time (on all processors): 00:00:26


